<?xml version="1.0" encoding="UTF-8"?>
<testng-results ignored="0" total="1" passed="1" failed="0" skipped="0">
  <reporter-output>
  </reporter-output>
  <suite started-at="2025-05-21T17:59:19 EDT" name="GoogleFinanceTestSuite" finished-at="2025-05-21T17:59:27 EDT" duration-ms="8778">
    <groups>
    </groups>
    <test started-at="2025-05-21T17:59:19 EDT" name="GoogleFinanceTests" finished-at="2025-05-21T17:59:27 EDT" duration-ms="8778">
      <class name="com.altruist.tests.GoogleFinanceTest">
        <test-method is-config="true" signature="setup()[pri:0, instance:com.altruist.tests.GoogleFinanceTest@7a69b07]" started-at="2025-05-21T17:59:19 EDT" name="setup" finished-at="2025-05-21T17:59:20 EDT" duration-ms="1691" status="PASS">
          <reporter-output>
          </reporter-output>
        </test-method> <!-- setup -->
        <test-method signature="verifySymbolsAfterScroll()[pri:0, instance:com.altruist.tests.GoogleFinanceTest@7a69b07]" started-at="2025-05-21T17:59:20 EDT" name="verifySymbolsAfterScroll" finished-at="2025-05-21T17:59:27 EDT" duration-ms="6797" status="PASS">
          <reporter-output>
          </reporter-output>
        </test-method> <!-- verifySymbolsAfterScroll -->
        <test-method is-config="true" signature="tearDown()[pri:0, instance:com.altruist.tests.GoogleFinanceTest@7a69b07]" started-at="2025-05-21T17:59:27 EDT" name="tearDown" finished-at="2025-05-21T17:59:27 EDT" duration-ms="256" status="PASS">
          <reporter-output>
          </reporter-output>
        </test-method> <!-- tearDown -->
      </class> <!-- com.altruist.tests.GoogleFinanceTest -->
    </test> <!-- GoogleFinanceTests -->
  </suite> <!-- GoogleFinanceTestSuite -->
</testng-results>
